C51 COMPILER V9.01   MAIN                                                                  08/09/2016 10:59:30 PAGE 1   


C51 COMPILER V9.01, COMPILATION OF MODULE MAIN
OBJECT MODULE PLACED IN main.OBJ
COMPILER INVOKED BY: C:\Installed\keil51\C51\BIN\C51.EXE main.c BROWSE DEBUG OBJECTEXTEND

line level    source

   1          #include <reg51.h>
   2          #include <DS18B20.h>
   3          unsigned char code position[4] = {0xef, 0xdf, 0xbf, 0x7f};      //数码管位选
   4          unsigned char code disp[10] = {0xc0, 0xf9, 0xa4, 0xb0, 0x99, 0x92, 0x82, 0xf8, 0x80, 0x90};//数码管0~9
   5          sbit P2_7  = P2^7;
   6          
   7          void DisplayNum(unsigned int num);
   8          
   9          void main()
  10          {
  11   1              uint value;
  12   1              while(1)
  13   1              {
  14   2                      value = ReadyReadTemp();
  15   2                      delayms(200);
  16   2                      P1 = value;
  17   2                      P2 = value>>8;
  18   2                      DisplayNum(1234);
  19   2              }
  20   1      }
  21          
  22          void DisplayNum(unsigned int num)
  23          {
  24   1              unsigned char i;
  25   1              for(i=0;i<4;i++)
  26   1              {
  27   2                      P1 = position[i];
  28   2                      P2 = disp[num%10];
  29   2                      if(i==2)
  30   2                      {
  31   3                              P2_7 = 0;
  32   3                      }
  33   2                      num = num/10;
  34   2                      delayms(1);
  35   2                      P2 = 0xff;
  36   2              }
  37   1      }


MODULE INFORMATION:   STATIC OVERLAYABLE
   CODE SIZE        =    108    ----
   CONSTANT SIZE    =     14    ----
   XDATA SIZE       =   ----    ----
   PDATA SIZE       =   ----    ----
   DATA SIZE        =   ----       5
   IDATA SIZE       =   ----    ----
   BIT SIZE         =   ----    ----
END OF MODULE INFORMATION.


C51 COMPILATION COMPLETE.  0 WARNING(S),  0 ERROR(S)
