C51 COMPILER V9.00   IIC                                                                   06/01/2016 10:02:48 PAGE 1   


C51 COMPILER V9.00, COMPILATION OF MODULE IIC
OBJECT MODULE PLACED IN iic.OBJ
COMPILER INVOKED BY: D:\Installed\ProfessionalTool\Keil\C51\BIN\C51.EXE iic.c BROWSE DEBUG OBJECTEXTEND

line level    source

   1          #include "iic.h"
   2          
   3          /****************************************
   4          * 名称：delay_us
   5          * 输入：无
   6          * 输出：无
   7          * 备注：产生延时信号 
   8          ****************************************/
   9          void delay_us()
  10          {
  11   1              /*
  12   1              while(us--)
  13   1              {
  14   1                      _nop_();
  15   1                      //_nop_();
  16   1              }
  17   1              */
  18   1              _nop_();
  19   1              _nop_();
  20   1              _nop_();
  21   1              _nop_();
  22   1              _nop_();
  23   1      }
  24          
  25          /****************************************
  26          * 名称：iic_start
  27          * 输入：无
  28          * 输出：无
  29          * 备注：产生start信号 
  30          ****************************************/
  31          void iic_start(void)
  32          {
  33   1              SCL = 0;
  34   1          SDA = 1;        //需要在SCL之前设定
  35   1          delay_us();    //延时至少4.7μs
  36   1          SCL = 1;        //硬件进入SDA检测状态
  37   1          delay_us();    //延时至少4.7μs
  38   1          SDA = 0;        //SDA由1->0，产生开始信号
  39   1          delay_us();    //延时至少4μs
  40   1          SCL = 0;        //SCL变为无效
  41   1      }
  42          
  43          /****************************************
  44          * 名称：iic_stop
  45          * 输入：无
  46          * 输出：无
  47          * 备注：产生stop信号 
  48          ****************************************/
  49          void iic_stop(void)
  50          {
  51   1          SDA = 0;        //在SCL之前拉低
  52   1          delay_us();    //至少延时4us
  53   1          SCL = 1;        //硬件进入SDA检测状态
  54   1          delay_us();    //至少延时4us
  55   1          SDA = 1;        //SDA由0->1产生结束信号
C51 COMPILER V9.00   IIC                                                                   06/01/2016 10:02:48 PAGE 2   

  56   1          delay_us();    //延时至少4.7us
  57   1              SCL = 0;
  58   1      }
  59          
  60          /****************************************
  61          * 名称：iic_write_byte
  62          * 输入：dat需要写入的数据
  63          * 输出：无
  64          * 备注：iic写一个字节
  65          ****************************************/
  66          void iic_write_byte(uchar dat)
  67          {
  68   1          uchar loop = 8;     //一个字节循环8次
  69   1          while(loop--){
  70   2              SDA = dat&0x80; //从高位开始逐位写入
  71   2              SCL = 1;
  72   2              delay_us();    //至少延时4us
  73   2              SCL = 0;
  74   2              dat <<= 1;      //低位向高位移动
  75   2              delay_us();
  76   2          }
  77   1      }
  78          
  79          /****************************************
  80          * 名称：iic_read_byte
  81          * 输入：无
  82          * 输出：读取到的数据
  83          * 备注：iic读取一个字节
  84          ****************************************/
  85          uchar iic_read_byte(void)
  86          {
  87   1          uchar loop = 8;     //一个字节循环8次
  88   1          uchar ret = 0;
  89   1          while(loop--){
  90   2              SDA = 1;        //8051内部电阻上拉
  91   2              SCL = 1;
  92   2              delay_us();    //至少延时4us
  93   2              ret <<= 1;
  94   2              ret |= SDA;     //读取1位
  95   2              SCL = 0  ;
  96   2              delay_us();
  97   2          }
  98   1          return ret;
  99   1      }
 100          
 101          /****************************************
 102          * 名称：iic_send_ack
 103          * 输入：应答信号  0-ACK 1-NAK
 104          * 输出：无
 105          * 备注：由主机向从机发送应答码 0-ACK 1-NAK
 106          ****************************************/
 107          void iic_send_ack(bit ack)
 108          {
 109   1          SDA = ack;      //产生应答电平
 110   1          SCL = 1;        //发送应答信号
 111   1          delay_us();    //至少延时4us
 112   1          SCL = 0;        //整个期间保持应答信号
 113   1      }
 114          
 115          /****************************************
 116          * 名称：iic_get_ack
 117          * 输入：无
C51 COMPILER V9.00   IIC                                                                   06/01/2016 10:02:48 PAGE 3   

 118          * 输出：无
 119          * 备注：取得由从机到主机的应答信号 0-ACK 1-NAK
 120          ****************************************/
 121          bit iic_get_ack(void)
 122          {
 123   1          bit ret;        
 124   1          SDA = 1;        //电阻上拉 进入读(8051)
 125   1          SCL = 1;        //进入应答检测
 126   1          delay_us();    //至少延时4us
 127   1          ret = SDA;      //保存应答信号
 128   1          SCL = 0;
 129   1          return ret;
 130   1      }


MODULE INFORMATION:   STATIC OVERLAYABLE
   CODE SIZE        =    138    ----
   CONSTANT SIZE    =   ----    ----
   XDATA SIZE       =   ----    ----
   PDATA SIZE       =   ----    ----
   DATA SIZE        =   ----    ----
   IDATA SIZE       =   ----    ----
   BIT SIZE         =   ----       2
END OF MODULE INFORMATION.


C51 COMPILATION COMPLETE.  0 WARNING(S),  0 ERROR(S)
