C51 COMPILER V9.00   SMG                                                                   06/01/2016 10:02:48 PAGE 1   


C51 COMPILER V9.00, COMPILATION OF MODULE SMG
OBJECT MODULE PLACED IN smg.OBJ
COMPILER INVOKED BY: D:\Installed\ProfessionalTool\Keil\C51\BIN\C51.EXE smg.c BROWSE DEBUG OBJECTEXTEND

line level    source

   1          #include "smg.h"
   2          
   3          code unsigned char Num_Data[] = {0xc0,0xf9,0xa4,0xb0,0x99,0x92,0x82,0xf8,0x80,0x90,0x88,0x83,0xc6,0xa1,0x8
             -6,0x8e};
   4          code unsigned char Num_addr[] = {0xef, 0xdf, 0xbf, 0x7f};
   5          
   6          void delay_smg(unsigned char t)
   7          {
   8   1              unsigned char k;
   9   1              while(t--)
  10   1              {
  11   2                      for(k=0;k<50;k++);
  12   2              }
  13   1      }
  14          
  15          /****************************************
  16          * 名称：display_4SMG
  17          * 输入：4位数码管显示的值
  18          * 输出：如果输入参数超过9999 则返回0
  19          * 备注：
  20          ****************************************/
  21          unsigned char display_4SMG(unsigned int num)
  22          {
  23   1              unsigned char i, P1_temp;
  24   1              if(num>9999)    //4位数码管不能显示超过9999
  25   1              {
  26   2                      return 0;
  27   2              }
  28   1              for(i=0;i<4;i++)
  29   1              {
  30   2                      P1_temp = P1;
  31   2                      P1 = P1&Num_addr[i];
  32   2                      P2 = Num_Data[num%10];
  33   2                      num = num/10;
  34   2                      delay_smg(10);
  35   2                      P1 = P1_temp;
  36   2                      P2 = 0xff;
  37   2              }
  38   1              return 1;
  39   1      }


MODULE INFORMATION:   STATIC OVERLAYABLE
   CODE SIZE        =    104    ----
   CONSTANT SIZE    =     20    ----
   XDATA SIZE       =   ----    ----
   PDATA SIZE       =   ----    ----
   DATA SIZE        =   ----       2
   IDATA SIZE       =   ----    ----
   BIT SIZE         =   ----    ----
END OF MODULE INFORMATION.


C51 COMPILATION COMPLETE.  0 WARNING(S),  0 ERROR(S)
