C51 COMPILER V9.00   MAIN                                                                  05/23/2012 15:08:29 PAGE 1   


C51 COMPILER V9.00, COMPILATION OF MODULE MAIN
OBJECT MODULE PLACED IN main.OBJ
COMPILER INVOKED BY: D:\keil\C51\BIN\C51.EXE main.c BROWSE DEBUG OBJECTEXTEND

line level    source

   1          #include <reg51.h>
   2          /*
   3          0xc0,0xf9,0xa4,0xb0,0x99,0x92,0x82,0xf8,0x80,0x90,0x88,0x83,0xc6,0xa1,0x86,0x8e  //共阳
   4          0x3f,0x06,0x5b,0x4f,0x66,0x6d,0x7d,0x07,0x7f,0x6f,0x77,0x7c,0x39,0x5e,0x79,0x71  //共阴
   5          */
   6          code unsigned char Num_Data[] = {0xc0,0xf9,0xa4,0xb0,0x99,0x92,0x82,0xf8,0x80,0x90,0x88,0x83,0xc6,0xa1,0x8
             -6,0x8e};
   7          code unsigned char Num_addr[] = {0xef, 0xdf, 0xbf, 0x7f};
   8          
   9          void delay(unsigned int t)
  10          {
  11   1              unsigned char k;
  12   1              while(t--)
  13   1              {
  14   2                      for(k=0;k<200;k++);
  15   2              }
  16   1      }
  17          
  18          unsigned char display_4SMG(unsigned int num)
  19          {
  20   1              unsigned char i, P1_temp;
  21   1              if(num>9999)    //4位数码管不能显示超过9999
  22   1              {
  23   2                      return 0;
  24   2              }
  25   1              for(i=0;i<4;i++)
  26   1              {
  27   2                      P1_temp = P1;
  28   2                      P1 = P1&Num_addr[i];
  29   2                      P2 = Num_Data[num%10];
  30   2                      num = num/10;
  31   2                      delay(3);
  32   2                      P1 = P1_temp;
  33   2                      P2 = 0xff;
  34   2              }
  35   1      }
  36          
  37          void main()
  38          {
  39   1              while(1)
  40   1              {
  41   2                      display_4SMG(1234);
  42   2              }
  43   1      }
  44          
*** WARNING C291 IN LINE 35 OF MAIN.C: not every exit path returns a value


MODULE INFORMATION:   STATIC OVERLAYABLE
   CODE SIZE        =    119    ----
   CONSTANT SIZE    =     20    ----
   XDATA SIZE       =   ----    ----
   PDATA SIZE       =   ----    ----
   DATA SIZE        =   ----       3
   IDATA SIZE       =   ----    ----
C51 COMPILER V9.00   MAIN                                                                  05/23/2012 15:08:29 PAGE 2   

   BIT SIZE         =   ----    ----
END OF MODULE INFORMATION.


C51 COMPILATION COMPLETE.  1 WARNING(S),  0 ERROR(S)
