C51 COMPILER V9.00   MAIN                                                                  05/23/2012 16:42:24 PAGE 1   


C51 COMPILER V9.00, COMPILATION OF MODULE MAIN
OBJECT MODULE PLACED IN main.OBJ
COMPILER INVOKED BY: D:\keil\C51\BIN\C51.EXE main.c BROWSE DEBUG OBJECTEXTEND

line level    source

   1          #include <reg51.h>
   2          #include "DS12887.h"
   3          #include "uart.h"
   4          #include "smg.h"
   5          void delay(unsigned int t)
   6          {
   7   1              unsigned char k;
   8   1              while(t--)
   9   1              {
  10   2                      for(k=0;k<200;k++);
  11   2              }
  12   1      }
  13          
  14          void main()
  15          {
  16   1              uart_int();
  17   1              //while(!uart_send(0xaa));
  18   1              //while(!uart_send(0xbb));
  19   1              DS12887_A = 0x20;
  20   1              DS12887_B = 0x06;
  21   1              //while(!SEND_flag);    
  22   1              while(1)
  23   1              {
  24   2                      //delay(200);
  25   2                      //read_DS12887();
  26   2                      display_4SMG(DS12887_A);
  27   2              }
  28   1      }
  29          /*
  30          void main()
  31          {
  32                  P1 = 0x01;
  33                  while(1);
  34          }
  35          */
  36          


MODULE INFORMATION:   STATIC OVERLAYABLE
   CODE SIZE        =     47    ----
   CONSTANT SIZE    =   ----    ----
   XDATA SIZE       =   ----    ----
   PDATA SIZE       =   ----    ----
   DATA SIZE        =   ----    ----
   IDATA SIZE       =   ----    ----
   BIT SIZE         =   ----    ----
END OF MODULE INFORMATION.


C51 COMPILATION COMPLETE.  0 WARNING(S),  0 ERROR(S)
