C51 COMPILER V9.00   MAIN                                                                  06/02/2016 01:03:00 PAGE 1   


C51 COMPILER V9.00, COMPILATION OF MODULE MAIN
OBJECT MODULE PLACED IN main.OBJ
COMPILER INVOKED BY: D:\Installed\ProfessionalTool\Keil\C51\BIN\C51.EXE main.c BROWSE DEBUG OBJECTEXTEND

line level    source

   1          #include <reg51.h>
   2          #include "uart.h"
   3          #include "am2305.h"
   4          
   5          void delayms(unsigned int t)
   6          {
   7   1              unsigned char i;
   8   1              while(t--)
   9   1              {
  10   2                      for(i=0;i<120;i++);
  11   2              }
  12   1      }
  13          
  14          void main()
  15          {
  16   1              unsigned char get_value[5]={0,1,2,3,4}, check;
  17   1              uart_int();
  18   1              while(!uart_send(get_value[0]));
  19   1              while(!uart_send(get_value[1]));
  20   1              while(!uart_send(get_value[2]));
  21   1              while(!uart_send(get_value[3]));
  22   1              while(!uart_send(get_value[4]));
  23   1              delayms(2000);          //开机等待2s 确保越过am2305的不稳定状态
  24   1              while(1)
  25   1              {
  26   2                      P1 = ~P1;
  27   2                      delayms(4000);          //3s采集一次数据
  28   2                      /*
  29   2                      get_am2305(get_value);
  30   2                      */
  31   2                      if(get_am2305(get_value))
  32   2                      {
  33   3                              check = 0;
  34   3                              check = get_value[0]+get_value[1]+get_value[2]+get_value[3];
  35   3                              if(check==get_value[4])
  36   3                              {
  37   4                                      while(!uart_send(get_value[0]));
  38   4                                      while(!uart_send(get_value[1]));
  39   4                                      while(!uart_send(get_value[2]));
  40   4                                      while(!uart_send(get_value[3]));
  41   4                                      while(!uart_send(get_value[4]));
  42   4                              }
  43   3                      }else{
  44   3                              while(!uart_send(0xff));
  45   3                      }
  46   2              }
  47   1      }


MODULE INFORMATION:   STATIC OVERLAYABLE
   CODE SIZE        =    177    ----
   CONSTANT SIZE    =      5    ----
   XDATA SIZE       =   ----    ----
   PDATA SIZE       =   ----    ----
   DATA SIZE        =   ----       5
C51 COMPILER V9.00   MAIN                                                                  06/02/2016 01:03:00 PAGE 2   

   IDATA SIZE       =   ----    ----
   BIT SIZE         =   ----    ----
END OF MODULE INFORMATION.


C51 COMPILATION COMPLETE.  0 WARNING(S),  0 ERROR(S)
