C51 COMPILER V9.00   UART                                                                  06/02/2016 01:03:00 PAGE 1   


C51 COMPILER V9.00, COMPILATION OF MODULE UART
OBJECT MODULE PLACED IN uart.OBJ
COMPILER INVOKED BY: D:\Installed\ProfessionalTool\Keil\C51\BIN\C51.EXE uart.c BROWSE DEBUG OBJECTEXTEND

line level    source

   1          #include "uart.h"
   2          
   3          unsigned char UART_buff;                //存放接受到的数据
   4          bit REC_flag=0, SEND_flag=1;    //串口数据 接收 发送 完毕的标志位
   5          
   6          /****************************************
   7          * 名称：uart_int
   8          * 输入：无
   9          * 输出：无
  10          * 备注：默认波特率为9600 
  11          ****************************************/
  12          void uart_int()
  13          {
  14   1              SCON = 0x50;   //串口方式1, 8-n-1, 允许接收.  
  15   1          TMOD = 0x20;   //T1方式2  
  16   1          TH1 = 0xFD;    //9600bps@11.0592MHz[/url]  
  17   1          TL1 = 0xFD;  
  18   1          TR1 = 1;                          
  19   1          ES  = 1;       //开中断.  
  20   1              EA = 1;
  21   1      }
  22          
  23          /****************************************
  24          * 名称：uart_send
  25          * 输入：send_data 发送的数据
  26          * 输出：err 发送是否成功
  27          * 备注：串口发送一个字节
  28          ****************************************/
  29          unsigned char uart_send(unsigned char send_data)
  30          {
  31   1              if(SEND_flag==1)        //检测上一次发送是否完成
  32   1              {
  33   2                      SBUF = send_data;
  34   2                      SEND_flag = 0;
  35   2                      return 1;
  36   2              }
  37   1              return 0;               
  38   1      }
  39          /*------------------------------------------------------*/
  40          /****************************************
  41          * 名称：uart_interrupt
  42          * 输入：无
  43          * 输出：无
  44          * 备注：串口中断处理函数
  45          ****************************************/
  46          void uart_interrupt() interrupt 4
  47          {
  48   1              if(RI==1)       //接收中断
  49   1              {
  50   2                      RI = 0;
  51   2                      UART_buff = SBUF;       //获取接收数据
  52   2                      REC_flag = 1;           //接收到数据标志位
  53   2              }else{          //发送中断
  54   2                      TI = 0;
  55   2                      SEND_flag = 1;
C51 COMPILER V9.00   UART                                                                  06/02/2016 01:03:00 PAGE 2   

  56   2              }
  57   1      }
  58          /*------------------------------------------------------*/


MODULE INFORMATION:   STATIC OVERLAYABLE
   CODE SIZE        =     48    ----
   CONSTANT SIZE    =   ----    ----
   XDATA SIZE       =   ----    ----
   PDATA SIZE       =   ----    ----
   DATA SIZE        =      1    ----
   IDATA SIZE       =   ----    ----
   BIT SIZE         =      2    ----
END OF MODULE INFORMATION.


C51 COMPILATION COMPLETE.  0 WARNING(S),  0 ERROR(S)
