C51 COMPILER V9.01   MAIN                                                                  12/12/2016 18:49:11 PAGE 1   


C51 COMPILER V9.01, COMPILATION OF MODULE MAIN
OBJECT MODULE PLACED IN main.OBJ
COMPILER INVOKED BY: C:\InstalledTools\Keil51\C51\BIN\C51.EXE main.c BROWSE DEBUG OBJECTEXTEND

line level    source

   1          #include <reg51.h>
   2          code unsigned char disp[] = {0xfc, 0x0c, 0xda, 0xf2, 0x66, 0xb6, 0xbe, 0xe0, 0xfe, 0xf6};
   3          sbit SLCK = P2^4;
   4          
   5          void display_2SMG(unsigned char num)
   6          {
   7   1              if(num>99)
   8   1              {
   9   2                      return;
  10   2              }
  11   1              SBUF = disp[num/10];
  12   1              while(!TI);
  13   1              TI = 0;
  14   1              SLCK = 0;
  15   1              SLCK = 1;
  16   1              SBUF = disp[num%10];
  17   1              while(!TI);
  18   1              TI = 0;
  19   1              SLCK = 0;
  20   1              SLCK = 1;
  21   1      }
  22          
  23          void main()
  24          {
  25   1              SCON = 0X00;
  26   1              display_2SMG(35);
  27   1              while(1);
  28   1      }


MODULE INFORMATION:   STATIC OVERLAYABLE
   CODE SIZE        =     59    ----
   CONSTANT SIZE    =     10    ----
   XDATA SIZE       =   ----    ----
   PDATA SIZE       =   ----    ----
   DATA SIZE        =   ----    ----
   IDATA SIZE       =   ----    ----
   BIT SIZE         =   ----    ----
END OF MODULE INFORMATION.


C51 COMPILATION COMPLETE.  0 WARNING(S),  0 ERROR(S)
